2026-07-04 18:49:52  INFO      httpx  HTTP Request: GET https://jglkkqupwijhqautxida.supabase.co/rest/v1//rest/v1/raw_posts?select=id&limit=1 "HTTP/2 404 Not Found"
2026-07-04 19:07:18  INFO      httpx  HTTP Request: GET https://jglkkqupwijhqautxida.supabase.co/rest/v1//rest/v1/raw_posts?select=id&limit=1 "HTTP/2 404 Not Found"
2026-07-04 19:08:58  INFO      httpx  HTTP Request: GET https://jglkkqupwijhqautxida.supabase.co/rest/v1/raw_posts?select=id&limit=1 "HTTP/2 200 OK"
2026-07-04 19:08:58  INFO      data.database  Connected to Supabase at https://jglkkqupwijhqautxida.supabase.co
2026-07-04 19:08:59  INFO      httpx  HTTP Request: GET https://jglkkqupwijhqautxida.supabase.co/rest/v1/raw_posts?select=id "HTTP/2 200 OK"
2026-07-04 19:08:59  INFO      httpx  HTTP Request: GET https://jglkkqupwijhqautxida.supabase.co/rest/v1/raw_posts?select=id&scraped_at=gte.2026-07-04T00%3A00%3A00 "HTTP/2 200 OK"
2026-07-04 19:08:59  INFO      httpx  HTTP Request: GET https://jglkkqupwijhqautxida.supabase.co/rest/v1/raw_posts?select=id&status=eq.queued "HTTP/2 200 OK"
2026-07-04 19:08:59  INFO      httpx  HTTP Request: GET https://jglkkqupwijhqautxida.supabase.co/rest/v1/content_queue?select=id&or=%28posted_twitter.eq.1%2Cposted_linkedin.eq.1%29 "HTTP/2 200 OK"
2026-07-04 19:09:00  INFO      httpx  HTTP Request: GET https://jglkkqupwijhqautxida.supabase.co/rest/v1/scraper_runs?select=%2A&order=started_at.desc&limit=5 "HTTP/2 200 OK"
2026-07-04 19:09:00  INFO      httpx  HTTP Request: GET https://jglkkqupwijhqautxida.supabase.co/rest/v1/raw_posts?select=id&status=eq.raw "HTTP/2 200 OK"
2026-07-04 19:09:00  INFO      httpx  HTTP Request: GET https://jglkkqupwijhqautxida.supabase.co/rest/v1/raw_posts?select=id&status=eq.scored "HTTP/2 200 OK"
2026-07-04 19:09:00  INFO      httpx  HTTP Request: GET https://jglkkqupwijhqautxida.supabase.co/rest/v1/raw_posts?select=id&status=eq.queued "HTTP/2 200 OK"
2026-07-04 19:09:00  INFO      httpx  HTTP Request: GET https://jglkkqupwijhqautxida.supabase.co/rest/v1/raw_posts?select=id&status=eq.skipped "HTTP/2 200 OK"
2026-07-04 19:09:01  INFO      httpx  HTTP Request: GET https://jglkkqupwijhqautxida.supabase.co/rest/v1/scored_posts?select=total_score "HTTP/2 200 OK"
2026-07-04 19:09:01  INFO      httpx  HTTP Request: GET https://jglkkqupwijhqautxida.supabase.co/rest/v1/raw_posts?select=id&status=eq.queued "HTTP/2 200 OK"
2026-07-04 19:09:01  INFO      httpx  HTTP Request: GET https://jglkkqupwijhqautxida.supabase.co/rest/v1/raw_posts?select=id&status=eq.rewritten "HTTP/2 200 OK"
2026-07-04 19:09:01  INFO      httpx  HTTP Request: GET https://jglkkqupwijhqautxida.supabase.co/rest/v1/raw_posts?select=id&status=eq.rewrite_failed "HTTP/2 200 OK"
2026-07-04 19:09:01  INFO      httpx  HTTP Request: GET https://jglkkqupwijhqautxida.supabase.co/rest/v1/content_queue?select=id "HTTP/2 200 OK"
2026-07-04 19:09:02  INFO      httpx  HTTP Request: GET https://jglkkqupwijhqautxida.supabase.co/rest/v1/content_queue?select=id&posted_twitter=eq.0&posted_linkedin=eq.0 "HTTP/2 200 OK"
2026-07-04 19:09:02  INFO      httpx  HTTP Request: GET https://jglkkqupwijhqautxida.supabase.co/rest/v1/content_queue?select=id&approval_status=eq.pending&posted_linkedin=eq.0 "HTTP/2 200 OK"
2026-07-04 19:09:02  INFO      httpx  HTTP Request: GET https://jglkkqupwijhqautxida.supabase.co/rest/v1/content_queue?select=id&posted_linkedin=eq.1 "HTTP/2 200 OK"
2026-07-04 19:09:02  INFO      httpx  HTTP Request: GET https://jglkkqupwijhqautxida.supabase.co/rest/v1/content_queue?select=id&posted_twitter=eq.1 "HTTP/2 200 OK"
2026-07-04 19:09:02  INFO      httpx  HTTP Request: GET https://jglkkqupwijhqautxida.supabase.co/rest/v1/content_queue?select=id&approval_status=eq.rejected "HTTP/2 200 OK"
2026-07-12 04:59:22  INFO      httpx  HTTP Request: GET https://jglkkqupwijhqautxida.supabase.co/rest/v1/raw_posts?select=id&limit=1 "HTTP/2 200 OK"
2026-07-12 04:59:22  INFO      data.database  Connected to Supabase at https://jglkkqupwijhqautxida.supabase.co
2026-07-12 04:59:22  INFO      httpx  HTTP Request: GET https://jglkkqupwijhqautxida.supabase.co/rest/v1/content_queue?select=%2A%2C%20raw_posts%21inner%28source%2C%20author%2C%20url%29&id=eq.17&limit=1 "HTTP/2 200 OK"
2026-07-12 05:41:48  INFO      httpx  HTTP Request: GET https://jglkkqupwijhqautxida.supabase.co/rest/v1/raw_posts?select=id&limit=1 "HTTP/2 200 OK"
2026-07-12 05:41:48  INFO      data.database  Connected to Supabase at https://jglkkqupwijhqautxida.supabase.co
2026-07-12 05:41:48  INFO      httpx  HTTP Request: GET https://jglkkqupwijhqautxida.supabase.co/rest/v1/content_queue?select=%2A&posted_linkedin=eq.0&posted_twitter=eq.0&approval_status=neq.rejected "HTTP/2 200 OK"
2026-07-12 05:41:48  INFO      httpx  HTTP Request: PATCH https://jglkkqupwijhqautxida.supabase.co/rest/v1/content_queue?id=eq.11 "HTTP/2 200 OK"
